{"G:\\Binar Academy\\Rangkuman Binar\\Chapter 06\\instagram_api\\models\\index.js": {"path":"G:\\Binar Academy\\Rangkuman Binar\\Chapter 06\\instagram_api\\models\\index.js","statementMap":{"0":{"start":{"line":3,"column":11},"end":{"line":3,"column":24}},"1":{"start":{"line":4,"column":13},"end":{"line":4,"column":28}},"2":{"start":{"line":5,"column":18},"end":{"line":5,"column":38}},"3":{"start":{"line":6,"column":17},"end":{"line":6,"column":42}},"4":{"start":{"line":7,"column":12},"end":{"line":7,"column":49}},"5":{"start":{"line":8,"column":15},"end":{"line":8,"column":65}},"6":{"start":{"line":9,"column":11},"end":{"line":9,"column":13}},"7":{"start":{"line":12,"column":0},"end":{"line":16,"column":1}},"8":{"start":{"line":13,"column":2},"end":{"line":13,"column":74}},"9":{"start":{"line":15,"column":2},"end":{"line":15,"column":87}},"10":{"start":{"line":18,"column":0},"end":{"line":26,"column":5}},"11":{"start":{"line":21,"column":4},"end":{"line":21,"column":90}},"12":{"start":{"line":24,"column":18},"end":{"line":24,"column":85}},"13":{"start":{"line":25,"column":4},"end":{"line":25,"column":27}},"14":{"start":{"line":28,"column":0},"end":{"line":32,"column":3}},"15":{"start":{"line":29,"column":2},"end":{"line":31,"column":3}},"16":{"start":{"line":30,"column":4},"end":{"line":30,"column":32}},"17":{"start":{"line":34,"column":0},"end":{"line":34,"column":25}},"18":{"start":{"line":35,"column":0},"end":{"line":35,"column":25}},"19":{"start":{"line":37,"column":0},"end":{"line":37,"column":20}}},"fnMap":{"0":{"name":"(anonymous_0)","decl":{"start":{"line":20,"column":10},"end":{"line":20,"column":11}},"loc":{"start":{"line":20,"column":18},"end":{"line":22,"column":3}},"line":20},"1":{"name":"(anonymous_1)","decl":{"start":{"line":23,"column":11},"end":{"line":23,"column":12}},"loc":{"start":{"line":23,"column":19},"end":{"line":26,"column":3}},"line":23},"2":{"name":"(anonymous_2)","decl":{"start":{"line":28,"column":24},"end":{"line":28,"column":25}},"loc":{"start":{"line":28,"column":37},"end":{"line":32,"column":1}},"line":28}},"branchMap":{"0":{"loc":{"start":{"line":7,"column":12},"end":{"line":7,"column":49}},"type":"binary-expr","locations":[{"start":{"line":7,"column":12},"end":{"line":7,"column":32}},{"start":{"line":7,"column":36},"end":{"line":7,"column":49}}],"line":7},"1":{"loc":{"start":{"line":12,"column":0},"end":{"line":16,"column":1}},"type":"if","locations":[{"start":{"line":12,"column":0},"end":{"line":16,"column":1}},{"start":{"line":14,"column":7},"end":{"line":16,"column":1}}],"line":12},"2":{"loc":{"start":{"line":21,"column":11},"end":{"line":21,"column":89}},"type":"binary-expr","locations":[{"start":{"line":21,"column":12},"end":{"line":21,"column":35}},{"start":{"line":21,"column":41},"end":{"line":21,"column":58}},{"start":{"line":21,"column":64},"end":{"line":21,"column":88}}],"line":21},"3":{"loc":{"start":{"line":29,"column":2},"end":{"line":31,"column":3}},"type":"if","locations":[{"start":{"line":29,"column":2},"end":{"line":31,"column":3}},{"start":{},"end":{}}],"line":29}},"s":{"0":2,"1":2,"2":2,"3":2,"4":2,"5":2,"6":2,"7":2,"8":0,"9":2,"10":2,"11":6,"12":4,"13":4,"14":2,"15":4,"16":4,"17":2,"18":2,"19":2},"f":{"0":6,"1":4,"2":4},"b":{"0":[2,0],"1":[0,2],"2":[6,6,4],"3":[4,0]},"_coverageSchema":"1a1c01bbd47fc00a2c39e90264f33305004495a9","hash":"8802be2ddb851cc82341c083620f9fbcc1ce58dd"}
,"G:\\Binar Academy\\Rangkuman Binar\\Chapter 06\\instagram_api\\models\\posts.js": {"path":"G:\\Binar Academy\\Rangkuman Binar\\Chapter 06\\instagram_api\\models\\posts.js","statementMap":{"0":{"start":{"line":4,"column":4},"end":{"line":4,"column":24}},"1":{"start":{"line":5,"column":0},"end":{"line":26,"column":2}},"2":{"start":{"line":16,"column":2},"end":{"line":24,"column":5}},"3":{"start":{"line":25,"column":2},"end":{"line":25,"column":15}}},"fnMap":{"0":{"name":"(anonymous_0)","decl":{"start":{"line":5,"column":17},"end":{"line":5,"column":18}},"loc":{"start":{"line":5,"column":43},"end":{"line":26,"column":1}},"line":5},"1":{"name":"(anonymous_1)","decl":{"start":{"line":12,"column":4},"end":{"line":12,"column":5}},"loc":{"start":{"line":12,"column":29},"end":{"line":14,"column":5}},"line":12}},"branchMap":{},"s":{"0":2,"1":2,"2":2,"3":2},"f":{"0":2,"1":2},"b":{},"_coverageSchema":"1a1c01bbd47fc00a2c39e90264f33305004495a9","hash":"a2adc8927639eb85a8d9f077290d678e3d74c839"}
,"G:\\Binar Academy\\Rangkuman Binar\\Chapter 06\\instagram_api\\models\\users.js": {"path":"G:\\Binar Academy\\Rangkuman Binar\\Chapter 06\\instagram_api\\models\\users.js","statementMap":{"0":{"start":{"line":4,"column":4},"end":{"line":4,"column":24}},"1":{"start":{"line":5,"column":0},"end":{"line":26,"column":2}},"2":{"start":{"line":16,"column":2},"end":{"line":24,"column":5}},"3":{"start":{"line":25,"column":2},"end":{"line":25,"column":15}}},"fnMap":{"0":{"name":"(anonymous_0)","decl":{"start":{"line":5,"column":17},"end":{"line":5,"column":18}},"loc":{"start":{"line":5,"column":43},"end":{"line":26,"column":1}},"line":5},"1":{"name":"(anonymous_1)","decl":{"start":{"line":12,"column":4},"end":{"line":12,"column":5}},"loc":{"start":{"line":12,"column":29},"end":{"line":14,"column":5}},"line":12}},"branchMap":{},"s":{"0":2,"1":2,"2":2,"3":2},"f":{"0":2,"1":2},"b":{},"_coverageSchema":"1a1c01bbd47fc00a2c39e90264f33305004495a9","hash":"132d075566b31e51d17b5b6f7ecbd03a72e2089f"}
,"G:\\Binar Academy\\Rangkuman Binar\\Chapter 06\\instagram_api\\repositories\\postsRepository.js": {"path":"G:\\Binar Academy\\Rangkuman Binar\\Chapter 06\\instagram_api\\repositories\\postsRepository.js","statementMap":{"0":{"start":{"line":3,"column":4},"end":{"line":3,"column":24}},"1":{"start":{"line":7,"column":32},"end":{"line":7,"column":53}},"2":{"start":{"line":8,"column":8},"end":{"line":8,"column":31}},"3":{"start":{"line":17,"column":28},"end":{"line":22,"column":10}},"4":{"start":{"line":24,"column":8},"end":{"line":24,"column":27}},"5":{"start":{"line":30,"column":24},"end":{"line":34,"column":10}},"6":{"start":{"line":36,"column":8},"end":{"line":36,"column":23}},"7":{"start":{"line":42,"column":25},"end":{"line":46,"column":10}},"8":{"start":{"line":48,"column":8},"end":{"line":48,"column":24}},"9":{"start":{"line":57,"column":27},"end":{"line":65,"column":10}},"10":{"start":{"line":66,"column":8},"end":{"line":66,"column":26}},"11":{"start":{"line":70,"column":0},"end":{"line":70,"column":33}}},"fnMap":{"0":{"name":"(anonymous_0)","decl":{"start":{"line":6,"column":4},"end":{"line":6,"column":5}},"loc":{"start":{"line":6,"column":31},"end":{"line":9,"column":5}},"line":6},"1":{"name":"(anonymous_1)","decl":{"start":{"line":11,"column":4},"end":{"line":11,"column":5}},"loc":{"start":{"line":16,"column":7},"end":{"line":25,"column":5}},"line":16},"2":{"name":"(anonymous_2)","decl":{"start":{"line":27,"column":4},"end":{"line":27,"column":5}},"loc":{"start":{"line":29,"column":7},"end":{"line":37,"column":5}},"line":29},"3":{"name":"(anonymous_3)","decl":{"start":{"line":39,"column":4},"end":{"line":39,"column":5}},"loc":{"start":{"line":41,"column":7},"end":{"line":49,"column":5}},"line":41},"4":{"name":"(anonymous_4)","decl":{"start":{"line":51,"column":4},"end":{"line":51,"column":5}},"loc":{"start":{"line":56,"column":7},"end":{"line":67,"column":5}},"line":56}},"branchMap":{},"s":{"0":2,"1":0,"2":0,"3":4,"4":4,"5":2,"6":2,"7":4,"8":4,"9":1,"10":1,"11":2},"f":{"0":0,"1":4,"2":2,"3":4,"4":1},"b":{},"_coverageSchema":"1a1c01bbd47fc00a2c39e90264f33305004495a9","hash":"f4544737962c35841f454e5371f1c34b0ae16855"}
,"G:\\Binar Academy\\Rangkuman Binar\\Chapter 06\\instagram_api\\services\\postsService.js": {"path":"G:\\Binar Academy\\Rangkuman Binar\\Chapter 06\\instagram_api\\services\\postsService.js","statementMap":{"0":{"start":{"line":1,"column":24},"end":{"line":1,"column":66}},"1":{"start":{"line":6,"column":32},"end":{"line":6,"column":67}},"2":{"start":{"line":8,"column":8},"end":{"line":15,"column":10}},"3":{"start":{"line":21,"column":24},"end":{"line":23,"column":10}},"4":{"start":{"line":24,"column":8},"end":{"line":31,"column":10}},"5":{"start":{"line":40,"column":8},"end":{"line":49,"column":9}},"6":{"start":{"line":41,"column":12},"end":{"line":48,"column":14}},"7":{"start":{"line":51,"column":8},"end":{"line":60,"column":9}},"8":{"start":{"line":52,"column":12},"end":{"line":59,"column":14}},"9":{"start":{"line":62,"column":8},"end":{"line":71,"column":9}},"10":{"start":{"line":63,"column":12},"end":{"line":70,"column":14}},"11":{"start":{"line":72,"column":29},"end":{"line":77,"column":10}},"12":{"start":{"line":79,"column":8},"end":{"line":86,"column":10}},"13":{"start":{"line":93,"column":25},"end":{"line":95,"column":10}},"14":{"start":{"line":97,"column":8},"end":{"line":119,"column":9}},"15":{"start":{"line":98,"column":32},"end":{"line":100,"column":14}},"16":{"start":{"line":102,"column":12},"end":{"line":109,"column":14}},"17":{"start":{"line":111,"column":12},"end":{"line":118,"column":14}},"18":{"start":{"line":129,"column":24},"end":{"line":131,"column":10}},"19":{"start":{"line":133,"column":8},"end":{"line":158,"column":9}},"20":{"start":{"line":134,"column":32},"end":{"line":139,"column":14}},"21":{"start":{"line":141,"column":12},"end":{"line":148,"column":14}},"22":{"start":{"line":150,"column":12},"end":{"line":157,"column":14}},"23":{"start":{"line":162,"column":0},"end":{"line":162,"column":30}}},"fnMap":{"0":{"name":"(anonymous_0)","decl":{"start":{"line":5,"column":4},"end":{"line":5,"column":5}},"loc":{"start":{"line":5,"column":31},"end":{"line":16,"column":5}},"line":5},"1":{"name":"(anonymous_1)","decl":{"start":{"line":18,"column":4},"end":{"line":18,"column":5}},"loc":{"start":{"line":20,"column":7},"end":{"line":32,"column":5}},"line":20},"2":{"name":"(anonymous_2)","decl":{"start":{"line":34,"column":4},"end":{"line":34,"column":5}},"loc":{"start":{"line":39,"column":7},"end":{"line":87,"column":5}},"line":39},"3":{"name":"(anonymous_3)","decl":{"start":{"line":89,"column":4},"end":{"line":89,"column":5}},"loc":{"start":{"line":92,"column":7},"end":{"line":120,"column":5}},"line":92},"4":{"name":"(anonymous_4)","decl":{"start":{"line":122,"column":4},"end":{"line":122,"column":5}},"loc":{"start":{"line":128,"column":7},"end":{"line":159,"column":5}},"line":128}},"branchMap":{"0":{"loc":{"start":{"line":40,"column":8},"end":{"line":49,"column":9}},"type":"if","locations":[{"start":{"line":40,"column":8},"end":{"line":49,"column":9}},{"start":{},"end":{}}],"line":40},"1":{"loc":{"start":{"line":51,"column":8},"end":{"line":60,"column":9}},"type":"if","locations":[{"start":{"line":51,"column":8},"end":{"line":60,"column":9}},{"start":{},"end":{}}],"line":51},"2":{"loc":{"start":{"line":62,"column":8},"end":{"line":71,"column":9}},"type":"if","locations":[{"start":{"line":62,"column":8},"end":{"line":71,"column":9}},{"start":{},"end":{}}],"line":62},"3":{"loc":{"start":{"line":97,"column":8},"end":{"line":119,"column":9}},"type":"if","locations":[{"start":{"line":97,"column":8},"end":{"line":119,"column":9}},{"start":{"line":110,"column":15},"end":{"line":119,"column":9}}],"line":97},"4":{"loc":{"start":{"line":133,"column":8},"end":{"line":158,"column":9}},"type":"if","locations":[{"start":{"line":133,"column":8},"end":{"line":158,"column":9}},{"start":{"line":149,"column":15},"end":{"line":158,"column":9}}],"line":133}},"s":{"0":1,"1":0,"2":0,"3":1,"4":1,"5":0,"6":0,"7":0,"8":0,"9":0,"10":0,"11":0,"12":0,"13":0,"14":0,"15":0,"16":0,"17":0,"18":0,"19":0,"20":0,"21":0,"22":0,"23":1},"f":{"0":0,"1":1,"2":0,"3":0,"4":0},"b":{"0":[0,0],"1":[0,0],"2":[0,0],"3":[0,0],"4":[0,0]},"_coverageSchema":"1a1c01bbd47fc00a2c39e90264f33305004495a9","hash":"58a8eaeaa51260605e281b08cdf8991ad9b0db62"}
}
